0 verbose cli /usr/bin/node /usr/bin/npm
1 info using npm@10.8.2
2 info using node@v20.19.5
3 silly config load:file:/usr/lib/node_modules/npm/npmrc
4 silly config load:file:/home/dev/.npmrc
5 silly config load:file:/usr/etc/npmrc
6 verbose title npm install @supabase/supabase-js
7 verbose argv "install" "@supabase/supabase-js"
8 verbose logfile logs-max:10 dir:/home/dev/.npm/_logs/2025-09-20T03_04_18_283Z-
9 verbose logfile /home/dev/.npm/_logs/2025-09-20T03_04_18_283Z-debug-0.log
10 silly packumentCache heap:2197815296 maxSize:549453824 maxEntrySize:274726912
11 silly logfile done cleaning log files
12 silly idealTree buildDeps
13 silly fetch manifest @supabase/supabase-js@*
14 silly packumentCache full:https://registry.npmjs.org/@supabase%2fsupabase-js cache-miss
15 http fetch GET 200 https://registry.npmjs.org/npm 398ms
16 http fetch GET 200 https://registry.npmjs.org/@supabase%2fsupabase-js 2007ms (cache miss)
17 silly packumentCache full:https://registry.npmjs.org/@supabase%2fsupabase-js set size:undefined disposed:false
18 silly placeDep ROOT @supabase/supabase-js@2.57.4 OK for:  want: *
19 silly fetch manifest @supabase/auth-js@2.71.1
20 silly packumentCache full:https://registry.npmjs.org/@supabase%2fauth-js cache-miss
21 silly fetch manifest @supabase/node-fetch@2.6.15
22 silly packumentCache full:https://registry.npmjs.org/@supabase%2fnode-fetch cache-miss
23 silly fetch manifest @supabase/storage-js@2.12.1
24 silly packumentCache full:https://registry.npmjs.org/@supabase%2fstorage-js cache-miss
25 silly fetch manifest @supabase/realtime-js@2.15.5
26 silly packumentCache full:https://registry.npmjs.org/@supabase%2frealtime-js cache-miss
27 silly fetch manifest @supabase/functions-js@2.4.6
28 silly packumentCache full:https://registry.npmjs.org/@supabase%2ffunctions-js cache-miss
29 silly fetch manifest @supabase/postgrest-js@1.21.4
30 silly packumentCache full:https://registry.npmjs.org/@supabase%2fpostgrest-js cache-miss
31 http fetch GET 200 https://registry.npmjs.org/@supabase%2fnode-fetch 1619ms (cache miss)
32 silly packumentCache full:https://registry.npmjs.org/@supabase%2fnode-fetch set size:undefined disposed:false
33 http fetch GET 200 https://registry.npmjs.org/@supabase%2fauth-js 1627ms (cache miss)
34 silly packumentCache full:https://registry.npmjs.org/@supabase%2fauth-js set size:undefined disposed:false
35 http fetch GET 200 https://registry.npmjs.org/@supabase%2fstorage-js 1849ms (cache miss)
36 silly packumentCache full:https://registry.npmjs.org/@supabase%2fstorage-js set size:undefined disposed:false
37 http fetch GET 200 https://registry.npmjs.org/@supabase%2ffunctions-js 1857ms (cache miss)
38 silly packumentCache full:https://registry.npmjs.org/@supabase%2ffunctions-js set size:undefined disposed:false
39 http fetch GET 200 https://registry.npmjs.org/@supabase%2frealtime-js 1905ms (cache miss)
40 silly packumentCache full:https://registry.npmjs.org/@supabase%2frealtime-js set size:undefined disposed:false
41 http fetch GET 200 https://registry.npmjs.org/@supabase%2fpostgrest-js 1909ms (cache miss)
42 silly packumentCache full:https://registry.npmjs.org/@supabase%2fpostgrest-js set size:undefined disposed:false
43 silly placeDep ROOT @supabase/auth-js@2.71.1 OK for: @supabase/supabase-js@2.57.4 want: 2.71.1
44 silly placeDep ROOT @supabase/functions-js@2.4.6 OK for: @supabase/supabase-js@2.57.4 want: 2.4.6
45 silly placeDep ROOT @supabase/node-fetch@2.6.15 OK for: @supabase/supabase-js@2.57.4 want: 2.6.15
46 silly placeDep ROOT @supabase/postgrest-js@1.21.4 OK for: @supabase/supabase-js@2.57.4 want: 1.21.4
47 silly placeDep ROOT @supabase/realtime-js@2.15.5 OK for: @supabase/supabase-js@2.57.4 want: 2.15.5
48 silly placeDep ROOT @supabase/storage-js@2.12.1 OK for: @supabase/supabase-js@2.57.4 want: 2.12.1
49 silly fetch manifest @supabase/node-fetch@^2.6.14
50 silly packumentCache full:https://registry.npmjs.org/@supabase%2fnode-fetch cache-miss
51 silly fetch manifest @supabase/node-fetch@^2.6.14
52 silly packumentCache full:https://registry.npmjs.org/@supabase%2fnode-fetch cache-miss
53 silly fetch manifest whatwg-url@^5.0.0
54 silly packumentCache full:https://registry.npmjs.org/whatwg-url cache-miss
55 silly fetch manifest ws@^8.18.2
56 silly packumentCache full:https://registry.npmjs.org/ws cache-miss
57 silly fetch manifest @types/ws@^8.18.1
58 silly packumentCache full:https://registry.npmjs.org/@types%2fws cache-miss
59 silly fetch manifest @types/phoenix@^1.6.6
60 silly packumentCache full:https://registry.npmjs.org/@types%2fphoenix cache-miss
61 http fetch GET 200 https://registry.npmjs.org/@supabase%2fnode-fetch 16ms (cache hit)
62 silly packumentCache full:https://registry.npmjs.org/@supabase%2fnode-fetch set size:53928 disposed:false
63 http fetch GET 200 https://registry.npmjs.org/@supabase%2fnode-fetch 17ms (cache hit)
64 silly packumentCache full:https://registry.npmjs.org/@supabase%2fnode-fetch set size:53928 disposed:false
65 silly packumentCache full:https://registry.npmjs.org/@supabase%2fnode-fetch dispose
66 http fetch GET 200 https://registry.npmjs.org/ws 102ms (cache miss)
67 silly packumentCache full:https://registry.npmjs.org/ws set size:undefined disposed:false
68 http fetch GET 200 https://registry.npmjs.org/@types%2fws 116ms (cache miss)
69 silly packumentCache full:https://registry.npmjs.org/@types%2fws set size:undefined disposed:false
70 http fetch GET 200 https://registry.npmjs.org/whatwg-url 119ms (cache miss)
71 silly packumentCache full:https://registry.npmjs.org/whatwg-url set size:undefined disposed:false
72 http fetch GET 200 https://registry.npmjs.org/@types%2fphoenix 821ms (cache miss)
73 silly packumentCache full:https://registry.npmjs.org/@types%2fphoenix set size:undefined disposed:false
74 silly placeDep ROOT whatwg-url@5.0.0 OK for: @supabase/node-fetch@2.6.15 want: ^5.0.0
75 silly fetch manifest tr46@~0.0.3
76 silly packumentCache full:https://registry.npmjs.org/tr46 cache-miss
77 silly fetch manifest webidl-conversions@^3.0.0
78 silly packumentCache full:https://registry.npmjs.org/webidl-conversions cache-miss
79 http fetch GET 200 https://registry.npmjs.org/webidl-conversions 125ms (cache miss)
80 silly packumentCache full:https://registry.npmjs.org/webidl-conversions set size:undefined disposed:false
81 http fetch GET 200 https://registry.npmjs.org/tr46 127ms (cache miss)
82 silly packumentCache full:https://registry.npmjs.org/tr46 set size:undefined disposed:false
83 silly fetch manifest bufferutil@^4.0.1
84 silly packumentCache full:https://registry.npmjs.org/bufferutil cache-miss
85 http fetch GET 200 https://registry.npmjs.org/bufferutil 81ms (cache miss)
86 silly packumentCache full:https://registry.npmjs.org/bufferutil set size:undefined disposed:false
87 silly fetch manifest utf-8-validate@>=5.0.2
88 silly packumentCache full:https://registry.npmjs.org/utf-8-validate cache-miss
89 http fetch GET 200 https://registry.npmjs.org/utf-8-validate 103ms (cache miss)
90 silly packumentCache full:https://registry.npmjs.org/utf-8-validate set size:undefined disposed:false
91 silly placeDep ROOT @types/phoenix@1.6.6 OK for: @supabase/realtime-js@2.15.5 want: ^1.6.6
92 silly placeDep ROOT @types/ws@8.18.1 OK for: @supabase/realtime-js@2.15.5 want: ^8.18.1
93 silly placeDep ROOT ws@8.18.3 OK for: @supabase/realtime-js@2.15.5 want: ^8.18.2
94 silly fetch manifest @types/node@*
95 silly packumentCache full:https://registry.npmjs.org/@types%2fnode cache-miss
96 http fetch GET 200 https://registry.npmjs.org/@types%2fnode 408ms (cache miss)
97 silly packumentCache full:https://registry.npmjs.org/@types%2fnode set size:undefined disposed:false
98 silly placeDep ROOT @types/node@24.5.2 OK for: @types/ws@8.18.1 want: *
99 silly fetch manifest undici-types@~7.12.0
100 silly packumentCache full:https://registry.npmjs.org/undici-types cache-miss
101 http fetch GET 200 https://registry.npmjs.org/undici-types 82ms (cache miss)
102 silly packumentCache full:https://registry.npmjs.org/undici-types set size:undefined disposed:false
103 silly placeDep ROOT undici-types@7.12.0 OK for: @types/node@24.5.2 want: ~7.12.0
104 silly placeDep ROOT tr46@0.0.3 OK for: whatwg-url@5.0.0 want: ~0.0.3
105 silly placeDep ROOT webidl-conversions@3.0.1 OK for: whatwg-url@5.0.0 want: ^3.0.0
106 silly reify moves {}
107 silly tarball no local data for webidl-conversions@https://registry.npmjs.org/webidl-conversions/-/webidl-conversions-3.0.1.tgz. Extracting by manifest.
108 silly tarball no local data for tr46@https://registry.npmjs.org/tr46/-/tr46-0.0.3.tgz. Extracting by manifest.
109 silly tarball no local data for undici-types@https://registry.npmjs.org/undici-types/-/undici-types-7.12.0.tgz. Extracting by manifest.
110 silly tarball no local data for @types/node@https://registry.npmjs.org/@types/node/-/node-24.5.2.tgz. Extracting by manifest.
111 silly tarball no local data for @types/ws@https://registry.npmjs.org/@types/ws/-/ws-8.18.1.tgz. Extracting by manifest.
112 silly tarball no local data for whatwg-url@https://registry.npmjs.org/whatwg-url/-/whatwg-url-5.0.0.tgz. Extracting by manifest.
113 silly tarball no local data for @supabase/realtime-js@https://registry.npmjs.org/@supabase/realtime-js/-/realtime-js-2.15.5.tgz. Extracting by manifest.
114 silly tarball no local data for @supabase/storage-js@https://registry.npmjs.org/@supabase/storage-js/-/storage-js-2.12.1.tgz. Extracting by manifest.
115 silly tarball no local data for @supabase/postgrest-js@https://registry.npmjs.org/@supabase/postgrest-js/-/postgrest-js-1.21.4.tgz. Extracting by manifest.
116 silly tarball no local data for @supabase/node-fetch@https://registry.npmjs.org/@supabase/node-fetch/-/node-fetch-2.6.15.tgz. Extracting by manifest.
117 silly tarball no local data for @supabase/functions-js@https://registry.npmjs.org/@supabase/functions-js/-/functions-js-2.4.6.tgz. Extracting by manifest.
118 silly tarball no local data for @types/phoenix@https://registry.npmjs.org/@types/phoenix/-/phoenix-1.6.6.tgz. Extracting by manifest.
119 silly tarball no local data for ws@https://registry.npmjs.org/ws/-/ws-8.18.3.tgz. Extracting by manifest.
120 silly tarball no local data for @supabase/auth-js@https://registry.npmjs.org/@supabase/auth-js/-/auth-js-2.71.1.tgz. Extracting by manifest.
121 silly tarball no local data for @supabase/supabase-js@https://registry.npmjs.org/@supabase/supabase-js/-/supabase-js-2.57.4.tgz. Extracting by manifest.
122 http fetch GET 200 https://registry.npmjs.org/whatwg-url/-/whatwg-url-5.0.0.tgz 145ms (cache miss)
123 http fetch GET 200 https://registry.npmjs.org/@types/ws/-/ws-8.18.1.tgz 149ms (cache miss)
124 http fetch GET 200 https://registry.npmjs.org/webidl-conversions/-/webidl-conversions-3.0.1.tgz 152ms (cache miss)
125 http fetch GET 200 https://registry.npmjs.org/tr46/-/tr46-0.0.3.tgz 170ms (cache miss)
126 http fetch GET 200 https://registry.npmjs.org/undici-types/-/undici-types-7.12.0.tgz 174ms (cache miss)
127 http fetch GET 200 https://registry.npmjs.org/@types/node/-/node-24.5.2.tgz 237ms (cache miss)
128 http fetch GET 200 https://registry.npmjs.org/ws/-/ws-8.18.3.tgz 256ms (cache miss)
129 http fetch GET 200 https://registry.npmjs.org/@supabase/postgrest-js/-/postgrest-js-1.21.4.tgz 567ms (cache miss)
130 http fetch GET 200 https://registry.npmjs.org/@types/phoenix/-/phoenix-1.6.6.tgz 847ms (cache miss)
131 http fetch GET 200 https://registry.npmjs.org/@supabase/functions-js/-/functions-js-2.4.6.tgz 940ms (cache miss)
132 http fetch GET 200 https://registry.npmjs.org/@supabase/realtime-js/-/realtime-js-2.15.5.tgz 949ms (cache miss)
133 http fetch GET 200 https://registry.npmjs.org/@supabase/supabase-js/-/supabase-js-2.57.4.tgz 1027ms (cache miss)
134 http fetch GET 200 https://registry.npmjs.org/@supabase/node-fetch/-/node-fetch-2.6.15.tgz 1080ms (cache miss)
135 http fetch GET 200 https://registry.npmjs.org/@supabase/storage-js/-/storage-js-2.12.1.tgz 1112ms (cache miss)
136 http fetch GET 200 https://registry.npmjs.org/@supabase/auth-js/-/auth-js-2.71.1.tgz 1243ms (cache miss)
137 silly ADD node_modules/webidl-conversions
138 silly ADD node_modules/tr46
139 silly ADD node_modules/undici-types
140 silly ADD node_modules/@types/node
141 silly ADD node_modules/ws
142 silly ADD node_modules/@types/ws
143 silly ADD node_modules/@types/phoenix
144 silly ADD node_modules/whatwg-url
145 silly ADD node_modules/@supabase/storage-js
146 silly ADD node_modules/@supabase/realtime-js
147 silly ADD node_modules/@supabase/postgrest-js
148 silly ADD node_modules/@supabase/node-fetch
149 silly ADD node_modules/@supabase/functions-js
150 silly ADD node_modules/@supabase/auth-js
151 silly ADD node_modules/@supabase/supabase-js
152 verbose cwd /home/dev
153 verbose os Linux 6.2.1-PRoot-Distro
154 verbose node v20.19.5
155 verbose npm  v10.8.2
156 notice
156 notice New [31mmajor[39m version of npm available! [31m10.8.2[39m -> [34m11.6.0[39m
156 notice Changelog: [34mhttps://github.com/npm/cli/releases/tag/v11.6.0[39m
156 notice To update run: [4mnpm install -g npm@11.6.0[24m
156 notice  { force: true, [Symbol(proc-log.meta)]: true }
157 verbose exit 0
158 info ok
